<?xml version="1.0" encoding="UTF-8"?>
<testng-results ignored="0" total="3" passed="3" failed="0" skipped="0">
  <reporter-output>
  </reporter-output>
  <suite started-at="2023-06-28T18:06:44 CEST" name="Suite" finished-at="2023-06-28T18:07:23 CEST" duration-ms="38675">
    <groups>
    </groups>
    <test started-at="2023-06-28T18:06:44 CEST" name="Test on Chrome" finished-at="2023-06-28T18:06:56 CEST" duration-ms="12255">
      <class name="com.qualitystream.testng.CrossBrowserTesting">
        <test-method is-config="true" signature="beforeClass(java.lang.String,java.lang.String)[pri:0, instance:com.qualitystream.testng.CrossBrowserTesting@618b19ad]" started-at="2023-06-28T18:06:44 CEST" name="beforeClass" finished-at="2023-06-28T18:06:48 CEST" duration-ms="4256" status="PASS">
          <params>
            <param index="0">
              <value>
                <![CDATA[https://www.google.com/]]>
              </value>
            </param>
            <param index="1">
              <value>
                <![CDATA[Chrome]]>
              </value>
            </param>
          </params>
          <reporter-output>
          </reporter-output>
        </test-method> <!-- beforeClass -->
        <test-method signature="googleSearch()[pri:0, instance:com.qualitystream.testng.CrossBrowserTesting@618b19ad]" started-at="2023-06-28T18:06:48 CEST" name="googleSearch" finished-at="2023-06-28T18:06:56 CEST" duration-ms="7764" status="PASS">
          <reporter-output>
          </reporter-output>
        </test-method> <!-- googleSearch -->
        <test-method is-config="true" signature="afterClass()[pri:0, instance:com.qualitystream.testng.CrossBrowserTesting@618b19ad]" started-at="2023-06-28T18:06:56 CEST" name="afterClass" finished-at="2023-06-28T18:06:56 CEST" duration-ms="151" status="PASS">
          <reporter-output>
          </reporter-output>
        </test-method> <!-- afterClass -->
      </class> <!-- com.qualitystream.testng.CrossBrowserTesting -->
    </test> <!-- Test on Chrome -->
    <test started-at="2023-06-28T18:06:57 CEST" name="Test on Firefox" finished-at="2023-06-28T18:07:10 CEST" duration-ms="13673">
      <class name="com.qualitystream.testng.CrossBrowserTesting">
        <test-method is-config="true" signature="beforeClass(java.lang.String,java.lang.String)[pri:0, instance:com.qualitystream.testng.CrossBrowserTesting@662ac478]" started-at="2023-06-28T18:06:57 CEST" name="beforeClass" finished-at="2023-06-28T18:07:03 CEST" duration-ms="6499" status="PASS">
          <params>
            <param index="0">
              <value>
                <![CDATA[https://www.google.com/]]>
              </value>
            </param>
            <param index="1">
              <value>
                <![CDATA[Firefox]]>
              </value>
            </param>
          </params>
          <reporter-output>
          </reporter-output>
        </test-method> <!-- beforeClass -->
        <test-method signature="googleSearch()[pri:0, instance:com.qualitystream.testng.CrossBrowserTesting@662ac478]" started-at="2023-06-28T18:07:03 CEST" name="googleSearch" finished-at="2023-06-28T18:07:09 CEST" duration-ms="5763" status="PASS">
          <reporter-output>
          </reporter-output>
        </test-method> <!-- googleSearch -->
        <test-method is-config="true" signature="afterClass()[pri:0, instance:com.qualitystream.testng.CrossBrowserTesting@662ac478]" started-at="2023-06-28T18:07:09 CEST" name="afterClass" finished-at="2023-06-28T18:07:10 CEST" duration-ms="1408" status="PASS">
          <reporter-output>
          </reporter-output>
        </test-method> <!-- afterClass -->
      </class> <!-- com.qualitystream.testng.CrossBrowserTesting -->
    </test> <!-- Test on Firefox -->
    <test started-at="2023-06-28T18:07:10 CEST" name="Test on Edge" finished-at="2023-06-28T18:07:23 CEST" duration-ms="12612">
      <class name="com.qualitystream.testng.CrossBrowserTesting">
        <test-method is-config="true" signature="beforeClass(java.lang.String,java.lang.String)[pri:0, instance:com.qualitystream.testng.CrossBrowserTesting@3eb25e1a]" started-at="2023-06-28T18:07:10 CEST" name="beforeClass" finished-at="2023-06-28T18:07:15 CEST" duration-ms="4457" status="PASS">
          <params>
            <param index="0">
              <value>
                <![CDATA[https://www.google.com/]]>
              </value>
            </param>
            <param index="1">
              <value>
                <![CDATA[Edge]]>
              </value>
            </param>
          </params>
          <reporter-output>
          </reporter-output>
        </test-method> <!-- beforeClass -->
        <test-method signature="googleSearch()[pri:0, instance:com.qualitystream.testng.CrossBrowserTesting@3eb25e1a]" started-at="2023-06-28T18:07:15 CEST" name="googleSearch" finished-at="2023-06-28T18:07:23 CEST" duration-ms="7923" status="PASS">
          <reporter-output>
          </reporter-output>
        </test-method> <!-- googleSearch -->
        <test-method is-config="true" signature="afterClass()[pri:0, instance:com.qualitystream.testng.CrossBrowserTesting@3eb25e1a]" started-at="2023-06-28T18:07:23 CEST" name="afterClass" finished-at="2023-06-28T18:07:23 CEST" duration-ms="229" status="PASS">
          <reporter-output>
          </reporter-output>
        </test-method> <!-- afterClass -->
      </class> <!-- com.qualitystream.testng.CrossBrowserTesting -->
    </test> <!-- Test on Edge -->
  </suite> <!-- Suite -->
</testng-results>
